# JRE version: Java(TM) SE Runtime Environment (23.0.1+11) (build 23.0.1+11-39)
# Java VM: Java HotSpot(TM) 64-Bit Server VM (23.0.1+11-39, mixed mode, sharing, tiered, compressed oops, compressed class ptrs, g1 gc, linux-amd64)
GC Precious Log:
 CardTable entry size: 512
 Card Set container configuration: InlinePtr #cards 5 size 8 Array Of Cards #cards 10 size 36 Howl #buckets 4 coarsen threshold 1843 Howl Bitmap #cards 512 size 80 coarsen threshold 460 Card regions per heap region 1 cards per card region 2048
 CPUs: 4 total, 4 available
 Memory: 7951M
 Large Page Support: Disabled
 NUMA Support: Disabled
 Compressed Oops: Enabled (32-bit)
 Heap Region Size: 1M
 Heap Min Capacity: 8M
 Heap Initial Capacity: 126M
 Heap Max Capacity: 1988M
 Pre-touch: Disabled
 Parallel Workers: 4
 Concurrent Workers: 1
 Concurrent Refinement Workers: 4
 Periodic GC: Disabled
Heap:
 garbage-first heap   total reserved 2035712K, committed 202752K, used 72690K [0x0000000083c00000, 0x0000000100000000)
  region size 1024K, 39 young (39936K), 14 survivors (14336K)
 Metaspace       used 15911K, committed 16448K, reserved 1114112K
  class space    used 1688K, committed 1920K, reserved 1048576K
GC Heap History (20 events):
Event: 1.805 GC heap before
{Heap before GC invocations=3 (full 0):
 garbage-first heap   total reserved 2035712K, committed 131072K, used 39291K [0x0000000083c00000, 0x0000000100000000)
  region size 1024K, 22 young (22528K), 5 survivors (5120K)
 Metaspace       used 10125K, committed 10368K, reserved 1114112K
  class space    used 1146K, committed 1280K, reserved 1048576K
}
Event: 1.816 GC heap after
{Heap after GC invocations=4 (full 0):
 garbage-first heap   total reserved 2035712K, committed 131072K, used 22059K [0x0000000083c00000, 0x0000000100000000)
  region size 1024K, 3 young (3072K), 3 survivors (3072K)
 Metaspace       used 10125K, committed 10368K, reserved 1114112K
  class space    used 1146K, committed 1280K, reserved 1048576K
}
Event: 2.732 GC heap before
{Heap before GC invocations=4 (full 0):
 garbage-first heap   total reserved 2035712K, committed 131072K, used 69163K [0x0000000083c00000, 0x0000000100000000)
  region size 1024K, 45 young (46080K), 3 survivors (3072K)
 Metaspace       used 11343K, committed 11520K, reserved 1114112K
  class space    used 1247K, committed 1344K, reserved 1048576K
}
Event: 2.742 GC heap after
{Heap after GC invocations=5 (full 0):
 garbage-first heap   total reserved 2035712K, committed 131072K, used 27732K [0x0000000083c00000, 0x0000000100000000)
  region size 1024K, 6 young (6144K), 6 survivors (6144K)
 Metaspace       used 11343K, committed 11520K, reserved 1114112K
  class space    used 1247K, committed 1344K, reserved 1048576K
}
Event: 3.623 GC heap before
{Heap before GC invocations=5 (full 0):
 garbage-first heap   total reserved 2035712K, committed 131072K, used 78932K [0x0000000083c00000, 0x0000000100000000)
  region size 1024K, 56 young (57344K), 6 survivors (6144K)
 Metaspace       used 11620K, committed 11840K, reserved 1114112K
  class space    used 1247K, committed 1344K, reserved 1048576K
}
Event: 3.632 GC heap after
{Heap after GC invocations=6 (full 0):
 garbage-first heap   total reserved 2035712K, committed 168960K, used 29412K [0x0000000083c00000, 0x0000000100000000)
  region size 1024K, 2 young (2048K), 2 survivors (2048K)
 Metaspace       used 11620K, committed 11840K, reserved 1114112K
  class space    used 1247K, committed 1344K, reserved 1048576K
}
Event: 4.792 GC heap before
{Heap before GC invocations=6 (full 0):
 garbage-first heap   total reserved 2035712K, committed 168960K, used 109284K [0x0000000083c00000, 0x0000000100000000)
  region size 1024K, 76 young (77824K), 2 survivors (2048K)
 Metaspace       used 12882K, committed 13184K, reserved 1114112K
  class space    used 1406K, committed 1536K, reserved 1048576K
}
Event: 4.820 GC heap after
{Heap after GC invocations=7 (full 0):
 garbage-first heap   total reserved 2035712K, committed 168960K, used 38880K [0x0000000083c00000, 0x0000000100000000)
  region size 1024K, 10 young (10240K), 10 survivors (10240K)
 Metaspace       used 12882K, committed 13184K, reserved 1114112K
  class space    used 1406K, committed 1536K, reserved 1048576K
}
Event: 5.768 GC heap before
{Heap before GC invocations=7 (full 0):
 garbage-first heap   total reserved 2035712K, committed 168960K, used 115680K [0x0000000083c00000, 0x0000000100000000)
  region size 1024K, 81 young (82944K), 10 survivors (10240K)
 Metaspace       used 14747K, committed 15104K, reserved 1114112K
  class space    used 1612K, committed 1728K, reserved 1048576K
}
Event: 5.776 GC heap after
{Heap after GC invocations=8 (full 0):
 garbage-first heap   total reserved 2035712K, committed 168960K, used 34457K [0x0000000083c00000, 0x0000000100000000)
  region size 1024K, 5 young (5120K), 5 survivors (5120K)
 Metaspace       used 14747K, committed 15104K, reserved 1114112K
  class space    used 1612K, committed 1728K, reserved 1048576K
}
Event: 6.396 GC heap before
{Heap before GC invocations=8 (full 0):
 garbage-first heap   total reserved 2035712K, committed 168960K, used 126617K [0x0000000083c00000, 0x0000000100000000)
  region size 1024K, 87 young (89088K), 5 survivors (5120K)
 Metaspace       used 14904K, committed 15296K, reserved 1114112K
  class space    used 1621K, committed 1792K, reserved 1048576K
}
Event: 6.406 GC heap after
{Heap after GC invocations=9 (full 0):
 garbage-first heap   total reserved 2035712K, committed 168960K, used 40635K [0x0000000083c00000, 0x0000000100000000)
  region size 1024K, 10 young (10240K), 10 survivors (10240K)
 Metaspace       used 14904K, committed 15296K, reserved 1114112K
  class space    used 1621K, committed 1792K, reserved 1048576K
}
Event: 7.088 GC heap before
{Heap before GC invocations=9 (full 0):
 garbage-first heap   total reserved 2035712K, committed 168960K, used 128699K [0x0000000083c00000, 0x0000000100000000)
  region size 1024K, 89 young (91136K), 10 survivors (10240K)
 Metaspace       used 14940K, committed 15296K, reserved 1114112K
  class space    used 1622K, committed 1792K, reserved 1048576K
}
Event: 7.106 GC heap after
{Heap after GC invocations=10 (full 0):
 garbage-first heap   total reserved 2035712K, committed 168960K, used 44481K [0x0000000083c00000, 0x0000000100000000)
  region size 1024K, 12 young (12288K), 12 survivors (12288K)
 Metaspace       used 14940K, committed 15296K, reserved 1114112K
  class space    used 1622K, committed 1792K, reserved 1048576K
}
Event: 7.753 GC heap before
{Heap before GC invocations=10 (full 0):
 garbage-first heap   total reserved 2035712K, committed 168960K, used 130497K [0x0000000083c00000, 0x0000000100000000)
  region size 1024K, 92 young (94208K), 12 survivors (12288K)
 Metaspace       used 15323K, committed 15744K, reserved 1114112K
  class space    used 1632K, committed 1792K, reserved 1048576K
}
Event: 7.762 GC heap after
{Heap after GC invocations=11 (full 0):
 garbage-first heap   total reserved 2035712K, committed 168960K, used 40348K [0x0000000083c00000, 0x0000000100000000)
  region size 1024K, 9 young (9216K), 9 survivors (9216K)
 Metaspace       used 15323K, committed 15744K, reserved 1114112K
  class space    used 1632K, committed 1792K, reserved 1048576K
}
Event: 8.193 GC heap before
{Heap before GC invocations=11 (full 0):
 garbage-first heap   total reserved 2035712K, committed 168960K, used 132508K [0x0000000083c00000, 0x0000000100000000)
  region size 1024K, 93 young (95232K), 9 survivors (9216K)
 Metaspace       used 15544K, committed 16064K, reserved 1114112K
  class space    used 1670K, committed 1920K, reserved 1048576K
}
Event: 8.198 GC heap after
{Heap after GC invocations=12 (full 0):
 garbage-first heap   total reserved 2035712K, committed 202752K, used 35826K [0x0000000083c00000, 0x0000000100000000)
  region size 1024K, 3 young (3072K), 3 survivors (3072K)
 Metaspace       used 15544K, committed 16064K, reserved 1114112K
  class space    used 1670K, committed 1920K, reserved 1048576K
}
Event: 8.828 GC heap before
{Heap before GC invocations=12 (full 0):
 garbage-first heap   total reserved 2035712K, committed 202752K, used 151538K [0x0000000083c00000, 0x0000000100000000)
  region size 1024K, 108 young (110592K), 3 survivors (3072K)
 Metaspace       used 15593K, committed 16064K, reserved 1114112K
  class space    used 1670K, committed 1920K, reserved 1048576K
}
Event: 8.850 GC heap after
{Heap after GC invocations=13 (full 0):
 garbage-first heap   total reserved 2035712K, committed 202752K, used 48114K [0x0000000083c00000, 0x0000000100000000)
  region size 1024K, 14 young (14336K), 14 survivors (14336K)
 Metaspace       used 15593K, committed 16064K, reserved 1114112K
  class space    used 1670K, committed 1920K, reserved 1048576K
}

